c:\git\cppsharp\build\vs2015\obj\release_x32\x32\release\cppsharp.parser.cli\vc140.pdb
c:\git\cppsharp\build\vs2015\obj\release_x32\x32\release\cppsharp.parser.cli\target.obj
c:\git\cppsharp\build\vs2015\obj\release_x32\x32\release\cppsharp.parser.cli\sources.obj
c:\git\cppsharp\build\vs2015\obj\release_x32\x32\release\cppsharp.parser.cli\cppparser.obj
c:\git\cppsharp\build\vs2015\obj\release_x32\x32\release\cppsharp.parser.cli\ast.obj
c:\git\cppsharp\build\vs2015\obj\release_x32\x32\release\cppsharp.parser.cli\.netframework,version=v4.5.assemblyattributes.obj
c:\git\cppsharp\build\vs2015\obj\release_x32\x32\release\cppsharp.parser.cli\.netframework,version=v4.5.assemblyattributes.asm
c:\git\cppsharp\build\vs2015\lib\release_x32\cppsharp.parser.cli.lib
c:\git\cppsharp\build\vs2015\lib\release_x32\cppsharp.parser.cli.exp
c:\git\cppsharp\build\vs2015\lib\release_x32\cppsharp.parser.cli.dll
c:\git\cppsharp\build\vs2015\lib\release_x32\cppsharp.parser.cli.pdb
c:\git\cppsharp\build\vs2015\obj\release_x32\x32\release\cppsharp.parser.cli\cppsharp.parser.cli.vcxprojresolveassemblyreference.cache
c:\git\cppsharp\build\vs2015\projects\..\lib\release_x32\cppsharp.parser.cli.dll
c:\git\cppsharp\build\vs2015\obj\release_x32\x32\release\cppsharp.parser.cli\cppsharp.c75eb680.tlog\cl.command.1.tlog
c:\git\cppsharp\build\vs2015\obj\release_x32\x32\release\cppsharp.parser.cli\cppsharp.c75eb680.tlog\cl.read.1.tlog
c:\git\cppsharp\build\vs2015\obj\release_x32\x32\release\cppsharp.parser.cli\cppsharp.c75eb680.tlog\cl.write.1.tlog
c:\git\cppsharp\build\vs2015\obj\release_x32\x32\release\cppsharp.parser.cli\cppsharp.c75eb680.tlog\cppsharp.parser.cli.write.1u.tlog
c:\git\cppsharp\build\vs2015\obj\release_x32\x32\release\cppsharp.parser.cli\cppsharp.c75eb680.tlog\link.command.1.tlog
c:\git\cppsharp\build\vs2015\obj\release_x32\x32\release\cppsharp.parser.cli\cppsharp.c75eb680.tlog\link.read.1.tlog
c:\git\cppsharp\build\vs2015\obj\release_x32\x32\release\cppsharp.parser.cli\cppsharp.c75eb680.tlog\link.write.1.tlog
c:\git\cppsharp\build\vs2015\obj\release_x32\x32\release\cppsharp.parser.cli\cppsharp.c75eb680.tlog\metagen.read.1.tlog
c:\git\cppsharp\build\vs2015\obj\release_x32\x32\release\cppsharp.parser.cli\cppsharp.c75eb680.tlog\metagen.write.1.tlog
c:\git\cppsharp\build\vs2015\obj\release_x32\x32\release\cppsharp.parser.cli\cppsharp.c75eb680.tlog\tzres.dll.bi
