  StandardLib.cpp
c:\git\cppsharp\tests\standardlib\StandardLib.h(22): warning C4251: 'TestVectors::IntVector': class 'std::vector<int,std::allocator<_Ty>>' needs to have dll-interface to be used by clients of struct 'TestVectors'
          with
          [
              _Ty=int
          ]
  c:\git\cppsharp\tests\standardlib\StandardLib.h(18): note: see declaration of 'std::vector<int,std::allocator<_Ty>>'
          with
          [
              _Ty=int
          ]
c:\git\cppsharp\tests\standardlib\StandardLib.h(24): warning C4251: 'TestVectors::IntPtrVector': class 'std::vector<int *,std::allocator<_Ty>>' needs to have dll-interface to be used by clients of struct 'TestVectors'
          with
          [
              _Ty=int *
          ]
  c:\git\cppsharp\tests\standardlib\StandardLib.h(24): note: see declaration of 'std::vector<int *,std::allocator<_Ty>>'
          with
          [
              _Ty=int *
          ]
c:\git\cppsharp\tests\standardlib\StandardLib.h(26): warning C4251: 'TestVectors::IntWrapperVector': class 'std::vector<IntWrapper,std::allocator<_Ty>>' needs to have dll-interface to be used by clients of struct 'TestVectors'
          with
          [
              _Ty=IntWrapper
          ]
  c:\git\cppsharp\tests\standardlib\StandardLib.h(26): note: see declaration of 'std::vector<IntWrapper,std::allocator<_Ty>>'
          with
          [
              _Ty=IntWrapper
          ]
c:\git\cppsharp\tests\standardlib\StandardLib.h(28): warning C4251: 'TestVectors::IntWrapperPtrVector': class 'std::vector<IntWrapper *,std::allocator<_Ty>>' needs to have dll-interface to be used by clients of struct 'TestVectors'
          with
          [
              _Ty=IntWrapper *
          ]
  c:\git\cppsharp\tests\standardlib\StandardLib.h(28): note: see declaration of 'std::vector<IntWrapper *,std::allocator<_Ty>>'
          with
          [
              _Ty=IntWrapper *
          ]
c:\git\cppsharp\tests\standardlib\StandardLib.h(30): warning C4251: 'TestVectors::IntWrapperValueTypeVector': class 'std::vector<IntWrapperValueType,std::allocator<_Ty>>' needs to have dll-interface to be used by clients of struct 'TestVectors'
          with
          [
              _Ty=IntWrapperValueType
          ]
  c:\git\cppsharp\tests\standardlib\StandardLib.h(30): note: see declaration of 'std::vector<IntWrapperValueType,std::allocator<_Ty>>'
          with
          [
              _Ty=IntWrapperValueType
          ]
     Creating library ..\lib\Release_x64\StandardLib.Native.lib and object ..\lib\Release_x64\StandardLib.Native.exp
  StandardLib.Native.vcxproj -> C:\Git\CppSharp\build\vs2015\projects\..\lib\Release_x64\StandardLib.Native.dll
  StandardLib.Native.vcxproj -> ..\lib\Release_x64\StandardLib.Native.pdb (Full PDB)
